[virtualfilesystem.cpp:255]: Failed to find pre specified enumerate for 'localisation/replace'(.yml, (null), -1)
[localize.cpp:671]: Localization hash collision found, more info in text.log! Language: l_english
[virtualfilesystem.cpp:255]: Failed to find pre specified enumerate for 'localisation/replace'(.yml, (null), -1)
[localize.cpp:671]: Localization hash collision found, more info in text.log! Language: l_english
[estate_privileges.cpp:568]: Estate privilege estate_burghers_chr_grain_cartels is unused
[countrydatabase.cpp:269]: PLT has less than 10 random leader names 
[countrydatabase.cpp:272]: PLT has less than 10 random ship names 
[countrydatabase.cpp:269]: MSK has less than 10 random leader names 
[countrydatabase.cpp:272]: MSK has less than 10 random ship names 
[countrydatabase.cpp:269]: TRV has less than 10 random leader names 
[countrydatabase.cpp:272]: TRV has less than 10 random ship names 
[countrydatabase.cpp:269]: VTB has less than 10 random leader names 
[countrydatabase.cpp:272]: VTB has less than 10 random ship names 
[countrydatabase.cpp:269]: MSL has less than 10 random leader names 
[countrydatabase.cpp:272]: MSL has less than 10 random ship names 
[metascript.cpp:96]: Compiling source for add_country_modifier_for_age failed for missing args: else
[metascript.cpp:96]: Compiling source for add_country_modifier_for_age failed for missing args: else
[metascript.cpp:96]: Compiling source for add_country_modifier_for_age failed for missing args: else
[metascript.cpp:96]: Compiling source for add_country_modifier_for_age failed for missing args: else
[metascript.cpp:96]: Compiling source for add_country_modifier_for_age failed for missing args: else
[metascript.cpp:96]: Compiling source for add_country_modifier_for_age failed for missing args: else
[metascript.cpp:96]: Compiling source for add_country_modifier_for_age failed for missing args: else
[metascript.cpp:96]: Compiling source for add_country_modifier_for_age failed for missing args: else
[metascript.cpp:96]: Compiling source for add_country_modifier_for_age failed for missing args: else
[metascript.cpp:96]: Compiling source for add_country_modifier_for_age failed for missing args: else
[metascript.cpp:96]: Compiling source for add_country_modifier_for_age failed for missing args: else
[metascript.cpp:96]: Compiling source for add_country_modifier_for_age failed for missing args: else
[metascript.cpp:96]: Compiling source for add_country_modifier_for_age failed for missing args: else
[metascript.cpp:96]: Compiling source for add_country_modifier_for_age failed for missing args: else
[metascript.cpp:96]: Compiling source for add_country_modifier_for_age failed for missing args: else
[metascript.cpp:96]: Compiling source for add_country_modifier_for_age failed for missing args: else
[metascript.cpp:96]: Compiling source for add_country_modifier_for_age failed for missing args: else
[metascript.cpp:96]: Compiling source for add_country_modifier_for_age failed for missing args: else
[metascript.cpp:96]: Compiling source for add_country_modifier_for_age failed for missing args: else
[metascript.cpp:96]: Compiling source for add_country_modifier_for_age failed for missing args: else
[metascript.cpp:96]: Compiling source for add_country_modifier_for_age failed for missing args: else
[metascript.cpp:96]: Compiling source for add_country_modifier_for_age failed for missing args: else
[id.cpp:138]: Failed to create id 1201 51. Already exists in game.
[id.cpp:138]: Failed to create id 1202 51. Already exists in game.
[id.cpp:138]: Failed to create id 1203 51. Already exists in game.
[id.cpp:138]: Failed to create id 1204 51. Already exists in game.
[id.cpp:138]: Failed to create id 1205 51. Already exists in game.
[id.cpp:138]: Failed to create id 1206 51. Already exists in game.
[id.cpp:138]: Failed to create id 1207 51. Already exists in game.
[id.cpp:138]: Failed to create id 1208 51. Already exists in game.
[id.cpp:138]: Failed to create id 1209 51. Already exists in game.
[id.cpp:138]: Failed to create id 1210 51. Already exists in game.
[eventmanager.cpp:166]: Event #15600004 (podillia_events.4) is missing a title in events/Podillia_Events.txt
[effectimplementation.cpp:4097]: Script error! Script Object Token: "add_permanent_province_modifier", Error: add_province_modifier has no duration set. Default is 0.
[effectimplementation.cpp:11022]: Script error! Script Object Token: "add_opinion", Error: Cannot have negative years, treating as 0
[effectimplementation.cpp:11022]: Script error! Script Object Token: "add_opinion", Error: Cannot have negative years, treating as 0
[effectimplementation.cpp:11022]: Script error! Script Object Token: "add_opinion", Error: Cannot have negative years, treating as 0
[effectimplementation.cpp:11022]: Script error! Script Object Token: "add_opinion", Error: Cannot have negative years, treating as 0
[diplomacy.cpp:244]: !Remove CDiplomacy::RemActive
